This is pdfeTeX, Version 3.141592-1.30.6-2.2 (MiKTeX 2.5 RC 1) (preloaded format=pdflatex 2006.9.26)  27 AUG 2007 21:57
entering extended mode
**C:/wnominate/inst/doc/wnominate.tex
(C:\wnominate\inst\doc\wnominate.tex
LaTeX2e <2005/12/01>
Babel <v3.8g> and hyphenation patterns for english, dumylang, nohyphenation, ge
rman, ngerman, french, loaded.
("C:\Program Files\MiKTeX 2.5\tex\latex\base\article.cls"
Document Class: article 2005/09/16 v1.4f Standard LaTeX document class
("C:\Program Files\MiKTeX 2.5\tex\latex\base\size12.clo"
File: size12.clo 2005/09/16 v1.4f Standard LaTeX file (size option)
)
\c@part=\count79
\c@section=\count80
\c@subsection=\count81
\c@subsubsection=\count82
\c@paragraph=\count83
\c@subparagraph=\count84
\c@figure=\count85
\c@table=\count86
\abovecaptionskip=\skip41
\belowcaptionskip=\skip42
\bibindent=\dimen102
) (Sweave.sty ("C:\Program Files\MiKTeX 2.5\tex\latex\base\fontenc.sty"
Package: fontenc 2005/09/27 v1.99g Standard LaTeX package
("C:\Program Files\MiKTeX 2.5\tex\latex\base\t1enc.def"
File: t1enc.def 2005/09/27 v1.99g Standard LaTeX file
LaTeX Font Info:    Redeclaring font encoding T1 on input line 43.
)) ("C:\Program Files\MiKTeX 2.5\tex\latex\graphics\graphicx.sty"
Package: graphicx 1999/02/16 v1.0f Enhanced LaTeX Graphics (DPC,SPQR)
("C:\Program Files\MiKTeX 2.5\tex\latex\graphics\keyval.sty"
Package: keyval 1999/03/16 v1.13 key=value parser (DPC)
\KV@toks@=\toks14
) ("C:\Program Files\MiKTeX 2.5\tex\latex\graphics\graphics.sty"
Package: graphics 2006/02/20 v1.0o Standard LaTeX Graphics (DPC,SPQR)
("C:\Program Files\MiKTeX 2.5\tex\latex\graphics\trig.sty"
Package: trig 1999/03/16 v1.09 sin cos tan (DPC)
) ("C:\Program Files\MiKTeX 2.5\tex\latex\00miktex\graphics.cfg"
File: graphics.cfg 2005/12/29 v1.2 MiKTeX 'graphics' configuration
)
Package graphics Info: Driver file: pdftex.def on input line 90.
("C:\Program Files\MiKTeX 2.5\tex\latex\graphics\pdftex.def"
File: pdftex.def 2006/05/17 v0.03q Graphics/color for pdfTeX
\Gread@gobject=\count87
))
\Gin@req@height=\dimen103
\Gin@req@width=\dimen104
) ("C:\Program Files\MiKTeX 2.5\tex\latex\ae\ae.sty"
Package: ae 2001/02/12 1.3 Almost European Computer Modern
("C:\Program Files\MiKTeX 2.5\tex\latex\base\fontenc.sty"
Package: fontenc 2005/09/27 v1.99g Standard LaTeX package
("C:\Program Files\MiKTeX 2.5\tex\latex\base\t1enc.def"
File: t1enc.def 2005/09/27 v1.99g Standard LaTeX file
LaTeX Font Info:    Redeclaring font encoding T1 on input line 43.
)
LaTeX Font Info:    Try loading font information for T1+aer on input line 100.
("C:\Program Files\MiKTeX 2.5\tex\latex\ae\t1aer.fd"
File: t1aer.fd 1997/11/16 Font definitions for T1/aer.
))) ("C:\Program Files\MiKTeX 2.5\tex\latex\fancyvrb\fancyvrb.sty"
Package: fancyvrb 1998/07/17
Style option: `fancyvrb' v2.6, with DG/SPQR fixes <1998/07/17> (tvz)
\FV@CodeLineNo=\count88
\FV@InFile=\read1
\FV@TabBox=\box26
\c@FancyVerbLine=\count89
\FV@StepNumber=\count90
\FV@OutFile=\write3
No file fancyvrb.cfg.
)) ("C:\Program Files\MiKTeX 2.5\tex\latex\amsmath\amsmath.sty"
Package: amsmath 2000/07/18 v2.13 AMS math features
\@mathmargin=\skip43
For additional information on amsmath, use the `?' option.
("C:\Program Files\MiKTeX 2.5\tex\latex\amsmath\amstext.sty"
Package: amstext 2000/06/29 v2.01
("C:\Program Files\MiKTeX 2.5\tex\latex\amsmath\amsgen.sty"
File: amsgen.sty 1999/11/30 v2.0
\@emptytoks=\toks15
\ex@=\dimen105
)) ("C:\Program Files\MiKTeX 2.5\tex\latex\amsmath\amsbsy.sty"
Package: amsbsy 1999/11/29 v1.2d
\pmbraise@=\dimen106
) ("C:\Program Files\MiKTeX 2.5\tex\latex\amsmath\amsopn.sty"
Package: amsopn 1999/12/14 v2.01 operator names
)
\inf@bad=\count91
LaTeX Info: Redefining \frac on input line 211.
\uproot@=\count92
\leftroot@=\count93
LaTeX Info: Redefining \overline on input line 307.
\classnum@=\count94
\DOTSCASE@=\count95
LaTeX Info: Redefining \ldots on input line 379.
LaTeX Info: Redefining \dots on input line 382.
LaTeX Info: Redefining \cdots on input line 467.
\Mathstrutbox@=\box27
\strutbox@=\box28
\big@size=\dimen107
LaTeX Font Info:    Redeclaring font encoding OML on input line 567.
LaTeX Font Info:    Redeclaring font encoding OMS on input line 568.
\macc@depth=\count96
\c@MaxMatrixCols=\count97
\dotsspace@=\muskip10
\c@parentequation=\count98
\dspbrk@lvl=\count99
\tag@help=\toks16
\row@=\count100
\column@=\count101
\maxfields@=\count102
\andhelp@=\toks17
\eqnshift@=\dimen108
\alignsep@=\dimen109
\tagshift@=\dimen110
\tagwidth@=\dimen111
\totwidth@=\dimen112
\lineht@=\dimen113
\@envbody=\toks18
\multlinegap=\skip44
\multlinetaggap=\skip45
\mathdisplay@stack=\toks19
LaTeX Info: Redefining \[ on input line 2666.
LaTeX Info: Redefining \] on input line 2667.
) ("C:\Program Files\MiKTeX 2.5\tex\latex\amsmath\amscd.sty"
Package: amscd 1999/11/29 v1.2d
\athelp@=\toks20
\minaw@=\dimen114
\bigaw@=\dimen115
\minCDarrowwidth=\dimen116
) (wnominate.aux

LaTeX Warning: Label `Congress' multiply defined.

)
LaTeX Font Info:    Checking defaults for OML/cmm/m/it on input line 11.
LaTeX Font Info:    ... okay on input line 11.
LaTeX Font Info:    Checking defaults for T1/cmr/m/n on input line 11.
LaTeX Font Info:    ... okay on input line 11.
LaTeX Font Info:    Checking defaults for OT1/cmr/m/n on input line 11.
LaTeX Font Info:    ... okay on input line 11.
LaTeX Font Info:    Checking defaults for OMS/cmsy/m/n on input line 11.
LaTeX Font Info:    ... okay on input line 11.
LaTeX Font Info:    Checking defaults for OMX/cmex/m/n on input line 11.
LaTeX Font Info:    ... okay on input line 11.
LaTeX Font Info:    Checking defaults for U/cmr/m/n on input line 11.
LaTeX Font Info:    ... okay on input line 11.
("C:\Program Files\MiKTeX 2.5\tex\context\base\supp-pdf.tex" ("C:\Program Files
\MiKTeX 2.5\tex\context\base\supp-mis.tex"
loading : Context Support Macros / Miscellaneous (2004.10.26)
\protectiondepth=\count103
\scratchcounter=\count104
\scratchtoks=\toks21
\scratchdimen=\dimen117
\scratchskip=\skip46
\scratchmuskip=\muskip11
\scratchbox=\box29
\scratchread=\read2
\scratchwrite=\write4
\zeropoint=\dimen118
\onepoint=\dimen119
\onebasepoint=\dimen120
\minusone=\count105
\thousandpoint=\dimen121
\onerealpoint=\dimen122
\emptytoks=\toks22
\nextbox=\box30
\nextdepth=\dimen123
\everyline=\toks23
\!!counta=\count106
\!!countb=\count107
\recursecounter=\count108
)
loading : Context Support Macros / PDF (2004.03.26)
\nofMPsegments=\count109
\nofMParguments=\count110
\MPscratchCnt=\count111
\MPscratchDim=\dimen124
\MPnumerator=\count112
\everyMPtoPDFconversion=\toks24
)
LaTeX Font Info:    Try loading font information for T1+aett on input line 20.
("C:\Program Files\MiKTeX 2.5\tex\latex\ae\t1aett.fd"
File: t1aett.fd 1997/11/16 Font definitions for T1/aett.
) [1

{psfonts.map}]
Overfull \hbox (2.11519pt too wide) in paragraph at lines 103--130
[]$ 
 []


Overfull \hbox (23.76256pt too wide) in paragraph at lines 103--130
[]$  
 []

LaTeX Font Info:    Try loading font information for OMS+aer on input line 137.

("C:\Program Files\MiKTeX 2.5\tex\latex\ae\omsaer.fd"
File: omsaer.fd 1999/12/27
)
LaTeX Font Info:    Font shape `OMS/aer/m/n' in size <12> not available
(Font)              Font shape `OMS/cmsy/m/n' tried instead on input line 137.
[2]
Overfull \hbox (7.74803pt too wide) in paragraph at lines 159--161
[]\T1/aer/m/it/12 http://www.polisci.ucla.edu/faculty/lewis/rollcall/ \T1/aer/m
/n/12 (lat-est Congress only,
 []


Underfull \hbox (badness 10000) in paragraph at lines 163--171

 []

[3] [4] [5]
Underfull \hbox (badness 10000) in paragraph at lines 311--319

 []

[6]
Underfull \hbox (badness 10000) in paragraph at lines 320--323

 []

<wnominate-four.pdf, id=77, 433.62pt x 433.62pt>
File: wnominate-four.pdf Graphic file (type pdf)
<use wnominate-four.pdf> [7] [8 <wnominate-four.pdf>] <wnominate-five.pdf, id=9
4, 433.62pt x 433.62pt>
File: wnominate-five.pdf Graphic file (type pdf)
<use wnominate-five.pdf> [9] [10 <wnominate-five.pdf>]
Underfull \hbox (badness 10000) in paragraph at lines 450--456

 []


Overfull \hbox (47.4445pt too wide) in paragraph at lines 457--459
\T1/aer/m/it/12 UN<-read.csv(``library/wnominate/data/UN.csv'',header=FALSE,str
ip.white=TRUE) 
 []


Underfull \hbox (badness 10000) in paragraph at lines 457--459

 []

[11] [12] <wnominate-UN4.pdf, id=113, 433.62pt x 433.62pt>
File: wnominate-UN4.pdf Graphic file (type pdf)
<use wnominate-UN4.pdf> [13] [14] [15 <wnominate-UN4.pdf>] [16] <wnominate-rand
om3.pdf, id=133, 433.62pt x 433.62pt>
File: wnominate-random3.pdf Graphic file (type pdf)
<use wnominate-random3.pdf> [17] [18 <wnominate-random3.pdf>] [19] (wnominate.a
ux)

LaTeX Warning: There were multiply-defined labels.

 ) 
Here is how much of TeX's memory you used:
 2420 strings out of 95419
 27799 string characters out of 1187298
 79551 words of memory out of 1079667
 5422 multiletter control sequences out of 60000
 42566 words of font info for 92 fonts, out of 1000000 for 2000
 14 hyphenation exceptions out of 8191
 35i,18n,21p,263b,305s stack positions out of 5000i,500n,10000p,200000b,32768s
PDF statistics:
 149 PDF objects out of 300000
 0 named destinations out of 300000
 21 words of extra memory for PDF output out of 10000
<C:/Program Files/MiKTeX 2.5/fonts/type1/bluesky/cm/cmsl12.pfb><C:/Program Fi
les/MiKTeX 2.5/fonts/type1/bluesky/cm/cmti10.pfb><C:/Program Files/MiKTeX 2.5/f
onts/type1/bluesky/cm/cmsltt10.pfb><C:/Program Files/MiKTeX 2.5/fonts/type1/blu
esky/cm/cmtt8.pfb><C:/Program Files/MiKTeX 2.5/fonts/type1/bluesky/cm/cmitt10.p
fb><C:/Program Files/MiKTeX 2.5/fonts/type1/bluesky/cm/cmsy8.pfb><C:/Program Fi
les/MiKTeX 2.5/fonts/type1/bluesky/cm/cmmi6.pfb><C:/Program Files/MiKTeX 2.5/fo
nts/type1/bluesky/cm/cmr7.pfb><C:/Program Files/MiKTeX 2.5/fonts/type1/bluesky/
cm/cmr10.pfb><C:/Program Files/MiKTeX 2.5/fonts/type1/bluesky/cm/cmmi10.pfb><C:
/Program Files/MiKTeX 2.5/fonts/type1/bluesky/cm/cmex10.pfb><C:/Program Files/M
iKTeX 2.5/fonts/type1/bluesky/cm/cmsy10.pfb><C:/Program Files/MiKTeX 2.5/fonts/
type1/bluesky/cm/cmmi8.pfb><C:/Program Files/MiKTeX 2.5/fonts/type1/bluesky/cm/
cmmi12.pfb><C:/Program Files/MiKTeX 2.5/fonts/type1/bluesky/cm/cmti12.pfb><C:/P
rogram Files/MiKTeX 2.5/fonts/type1/bluesky/cm/cmr8.pfb><C:/Program Files/MiKTe
X 2.5/fonts/type1/bluesky/cm/cmtt12.pfb><C:/Program Files/MiKTeX 2.5/fonts/type
1/bluesky/cm/cmbx12.pfb><C:/Program Files/MiKTeX 2.5/fonts/type1/bluesky/cm/cmr
12.pfb><C:/Program Files/MiKTeX 2.5/fonts/type1/bluesky/cm/cmr17.pfb>
Output written on wnominate.pdf (19 pages, 220178 bytes).
